# JRE version: Java(TM) SE Runtime Environment (8.0-b132) (build 1.8.0-b132)
# Java VM: Java HotSpot(TM) 64-Bit Server VM (25.0-b70 mixed mode linux-amd64 compressed oops)
Heap:
 PSYoungGen      total 403456K, used 179200K [0x00000000d6f00000, 0x00000000fde00000, 0x0000000100000000)
  eden space 179200K, 100% used [0x00000000d6f00000,0x00000000e1e00000,0x00000000e1e00000)
  from space 224256K, 0% used [0x00000000e1e00000,0x00000000e1e00000,0x00000000ef900000)
  to   space 224256K, 0% used [0x00000000f0300000,0x00000000f0300000,0x00000000fde00000)
 ParOldGen       total 1346560K, used 1346462K [0x0000000084c00000, 0x00000000d6f00000, 0x00000000d6f00000)
  object space 1346560K, 99% used [0x0000000084c00000,0x00000000d6ee78b8,0x00000000d6f00000)
 Metaspace       used 23907K, capacity 24126K, committed 24448K, reserved 1071104K
  class space    used 3300K, capacity 3333K, committed 3456K, reserved 1048576K
GC Heap History (10 events):
Event: 297,029 GC heap before
{Heap before GC invocations=1078 (full 165):
 PSYoungGen      total 403456K, used 179200K [0x00000000d6f00000, 0x00000000fde00000, 0x0000000100000000)
  eden space 179200K, 100% used [0x00000000d6f00000,0x00000000e1e00000,0x00000000e1e00000)
  from space 224256K, 0% used [0x00000000e1e00000,0x00000000e1e00000,0x00000000ef900000)
  to   space 224256K, 0% used [0x00000000f0300000,0x00000000f0300000,0x00000000fde00000)
 ParOldGen       total 1346560K, used 1346464K [0x0000000084c00000, 0x00000000d6f00000, 0x00000000d6f00000)
  object space 1346560K, 99% used [0x0000000084c00000,0x00000000d6ee8000,0x00000000d6f00000)
 Metaspace       used 23905K, capacity 24126K, committed 24448K, reserved 1071104K
  class space    used 3300K, capacity 3333K, committed 3456K, reserved 1048576K
Event: 298,588 GC heap after
Heap after GC invocations=1078 (full 165):
 PSYoungGen      total 403456K, used 179199K [0x00000000d6f00000, 0x00000000fde00000, 0x0000000100000000)
  eden space 179200K, 99% used [0x00000000d6f00000,0x00000000e1dfff80,0x00000000e1e00000)
  from space 224256K, 0% used [0x00000000e1e00000,0x00000000e1e00000,0x00000000ef900000)
  to   space 224256K, 0% used [0x00000000f0300000,0x00000000f0300000,0x00000000fde00000)
 ParOldGen       total 1346560K, used 1346462K [0x0000000084c00000, 0x00000000d6f00000, 0x00000000d6f00000)
  object space 1346560K, 99% used [0x0000000084c00000,0x00000000d6ee7a28,0x00000000d6f00000)
 Metaspace       used 23905K, capacity 24126K, committed 24448K, reserved 1071104K
  class space    used 3300K, capacity 3333K, committed 3456K, reserved 1048576K
}
Event: 298,589 GC heap before
{Heap before GC invocations=1079 (full 166):
 PSYoungGen      total 403456K, used 179200K [0x00000000d6f00000, 0x00000000fde00000, 0x0000000100000000)
  eden space 179200K, 100% used [0x00000000d6f00000,0x00000000e1e00000,0x00000000e1e00000)
  from space 224256K, 0% used [0x00000000e1e00000,0x00000000e1e00000,0x00000000ef900000)
  to   space 224256K, 0% used [0x00000000f0300000,0x00000000f0300000,0x00000000fde00000)
 ParOldGen       total 1346560K, used 1346462K [0x0000000084c00000, 0x00000000d6f00000, 0x00000000d6f00000)
  object space 1346560K, 99% used [0x0000000084c00000,0x00000000d6ee7a28,0x00000000d6f00000)
 Metaspace       used 23905K, capacity 24126K, committed 24448K, reserved 1071104K
  class space    used 3300K, capacity 3333K, committed 3456K, reserved 1048576K
Event: 299,933 GC heap after
Heap after GC invocations=1079 (full 166):
 PSYoungGen      total 403456K, used 179199K [0x00000000d6f00000, 0x00000000fde00000, 0x0000000100000000)
  eden space 179200K, 99% used [0x00000000d6f00000,0x00000000e1dfffa0,0x00000000e1e00000)
  from space 224256K, 0% used [0x00000000e1e00000,0x00000000e1e00000,0x00000000ef900000)
  to   space 224256K, 0% used [0x00000000f0300000,0x00000000f0300000,0x00000000fde00000)
 ParOldGen       total 1346560K, used 1346462K [0x0000000084c00000, 0x00000000d6f00000, 0x00000000d6f00000)
  object space 1346560K, 99% used [0x0000000084c00000,0x00000000d6ee78b8,0x00000000d6f00000)
 Metaspace       used 23905K, capacity 24126K, committed 24448K, reserved 1071104K
  class space    used 3300K, capacity 3333K, committed 3456K, reserved 1048576K
}
Event: 299,934 GC heap before
{Heap before GC invocations=1080 (full 167):
 PSYoungGen      total 403456K, used 179200K [0x00000000d6f00000, 0x00000000fde00000, 0x0000000100000000)
  eden space 179200K, 100% used [0x00000000d6f00000,0x00000000e1e00000,0x00000000e1e00000)
  from space 224256K, 0% used [0x00000000e1e00000,0x00000000e1e00000,0x00000000ef900000)
  to   space 224256K, 0% used [0x00000000f0300000,0x00000000f0300000,0x00000000fde00000)
 ParOldGen       total 1346560K, used 1346462K [0x0000000084c00000, 0x00000000d6f00000, 0x00000000d6f00000)
  object space 1346560K, 99% used [0x0000000084c00000,0x00000000d6ee78b8,0x00000000d6f00000)
 Metaspace       used 23905K, capacity 24126K, committed 24448K, reserved 1071104K
  class space    used 3300K, capacity 3333K, committed 3456K, reserved 1048576K
Event: 301,375 GC heap after
Heap after GC invocations=1080 (full 167):
 PSYoungGen      total 403456K, used 179199K [0x00000000d6f00000, 0x00000000fde00000, 0x0000000100000000)
  eden space 179200K, 99% used [0x00000000d6f00000,0x00000000e1dfffb8,0x00000000e1e00000)
  from space 224256K, 0% used [0x00000000e1e00000,0x00000000e1e00000,0x00000000ef900000)
  to   space 224256K, 0% used [0x00000000f0300000,0x00000000f0300000,0x00000000fde00000)
 ParOldGen       total 1346560K, used 1346462K [0x0000000084c00000, 0x00000000d6f00000, 0x00000000d6f00000)
  object space 1346560K, 99% used [0x0000000084c00000,0x00000000d6ee78b8,0x00000000d6f00000)
 Metaspace       used 23905K, capacity 24126K, committed 24448K, reserved 1071104K
  class space    used 3300K, capacity 3333K, committed 3456K, reserved 1048576K
}
Event: 301,376 GC heap before
{Heap before GC invocations=1081 (full 168):
 PSYoungGen      total 403456K, used 179199K [0x00000000d6f00000, 0x00000000fde00000, 0x0000000100000000)
  eden space 179200K, 99% used [0x00000000d6f00000,0x00000000e1dffff8,0x00000000e1e00000)
  from space 224256K, 0% used [0x00000000e1e00000,0x00000000e1e00000,0x00000000ef900000)
  to   space 224256K, 0% used [0x00000000f0300000,0x00000000f0300000,0x00000000fde00000)
 ParOldGen       total 1346560K, used 1346462K [0x0000000084c00000, 0x00000000d6f00000, 0x00000000d6f00000)
  object space 1346560K, 99% used [0x0000000084c00000,0x00000000d6ee78b8,0x00000000d6f00000)
 Metaspace       used 23907K, capacity 24126K, committed 24448K, reserved 1071104K
  class space    used 3300K, capacity 3333K, committed 3456K, reserved 1048576K
Event: 302,833 GC heap after
Heap after GC invocations=1081 (full 168):
 PSYoungGen      total 403456K, used 179199K [0x00000000d6f00000, 0x00000000fde00000, 0x0000000100000000)
  eden space 179200K, 99% used [0x00000000d6f00000,0x00000000e1dfff98,0x00000000e1e00000)
  from space 224256K, 0% used [0x00000000e1e00000,0x00000000e1e00000,0x00000000ef900000)
  to   space 224256K, 0% used [0x00000000f0300000,0x00000000f0300000,0x00000000fde00000)
 ParOldGen       total 1346560K, used 1346462K [0x0000000084c00000, 0x00000000d6f00000, 0x00000000d6f00000)
  object space 1346560K, 99% used [0x0000000084c00000,0x00000000d6ee78b8,0x00000000d6f00000)
 Metaspace       used 23907K, capacity 24126K, committed 24448K, reserved 1071104K
  class space    used 3300K, capacity 3333K, committed 3456K, reserved 1048576K
}
Event: 302,833 GC heap before
{Heap before GC invocations=1082 (full 169):
 PSYoungGen      total 403456K, used 179200K [0x00000000d6f00000, 0x00000000fde00000, 0x0000000100000000)
  eden space 179200K, 100% used [0x00000000d6f00000,0x00000000e1e00000,0x00000000e1e00000)
  from space 224256K, 0% used [0x00000000e1e00000,0x00000000e1e00000,0x00000000ef900000)
  to   space 224256K, 0% used [0x00000000f0300000,0x00000000f0300000,0x00000000fde00000)
 ParOldGen       total 1346560K, used 1346462K [0x0000000084c00000, 0x00000000d6f00000, 0x00000000d6f00000)
  object space 1346560K, 99% used [0x0000000084c00000,0x00000000d6ee78b8,0x00000000d6f00000)
 Metaspace       used 23907K, capacity 24126K, committed 24448K, reserved 1071104K
  class space    used 3300K, capacity 3333K, committed 3456K, reserved 1048576K
Event: 304,251 GC heap after
Heap after GC invocations=1082 (full 169):
 PSYoungGen      total 403456K, used 179199K [0x00000000d6f00000, 0x00000000fde00000, 0x0000000100000000)
  eden space 179200K, 99% used [0x00000000d6f00000,0x00000000e1dfffc8,0x00000000e1e00000)
  from space 224256K, 0% used [0x00000000e1e00000,0x00000000e1e00000,0x00000000ef900000)
  to   space 224256K, 0% used [0x00000000f0300000,0x00000000f0300000,0x00000000fde00000)
 ParOldGen       total 1346560K, used 1346462K [0x0000000084c00000, 0x00000000d6f00000, 0x00000000d6f00000)
  object space 1346560K, 99% used [0x0000000084c00000,0x00000000d6ee78b8,0x00000000d6f00000)
 Metaspace       used 23907K, capacity 24126K, committed 24448K, reserved 1071104K
  class space    used 3300K, capacity 3333K, committed 3456K, reserved 1048576K
}

